<?xml version="1.0" encoding="UTF-8"?>
<!-- Generated by org.testng.reporters.JUnitReportReporter -->
<testsuite hostname="DESKTOP-KUD3RA3" failures="0" tests="2" name="UserLogin.Session" time="0.058" errors="0" timestamp="2022-08-20T10:31:48 IST" skipped="0">
  <testcase classname="UserLogin.Session" name="doLogin" time="0.029"/>
  <system-out/>
  <testcase classname="UserLogin.Session" name="doLogout" time="0.029"/>
  <system-out/>
</testsuite> <!-- UserLogin.Session -->
