<?xml version="1.0" encoding="UTF-8"?>
<!-- Generated by org.testng.reporters.JUnitReportReporter -->
<testsuite hostname="DESKTOP-KUD3RA3" failures="0" tests="1" name="AddCart.AddItemCartCases" time="0.028" errors="0" timestamp="2022-08-20T10:31:48 IST" skipped="0">
  <testcase classname="AddCart.AddItemCartCases" name="addItemToCart" time="0.028"/>
  <system-out/>
</testsuite> <!-- AddCart.AddItemCartCases -->
