<?xml version="1.0" encoding="UTF-8"?>
<!-- Generated by org.testng.reporters.JUnitReportReporter -->
<testsuite hostname="DESKTOP-KUD3RA3" failures="0" tests="1" name="SearchItem.SearchItemCases" time="0.029" errors="0" timestamp="2022-08-20T10:31:48 IST" skipped="0">
  <testcase classname="SearchItem.SearchItemCases" name="searchIteminSearch" time="0.029"/>
  <system-out/>
</testsuite> <!-- SearchItem.SearchItemCases -->
